<?xml version="1.0" encoding="UTF-8"?>
<!-- Generated by org.testng.reporters.JUnitReportReporter -->
<testsuite skipped="0" hostname="EBP065" name="Modules.SignUp" tests="2" failures="0" timestamp="05 Aug 2019 11:20:30 GMT" time="102.408" errors="0">
  <testcase name="Signup" time="50.071" classname="Modules.SignUp"/>
  <testcase name="Signup" time="52.337" classname="Modules.SignUp"/>
</testsuite> <!-- Modules.SignUp -->
