<?xml version="1.0" encoding="UTF-8"?>
<!-- Generated by org.testng.reporters.JUnitReportReporter -->
<testsuite skipped="0" hostname="EBP065" name="Modules.sum" tests="1" failures="0" timestamp="05 Aug 2019 06:25:22 GMT" time="0.016" errors="0">
  <testcase name="sum1" time="0.016" classname="Modules.sum"/>
</testsuite> <!-- Modules.sum -->
