<?xml version="1.0" encoding="UTF-8"?>
<!-- Generated by org.testng.reporters.JUnitReportReporter -->
<testsuite skipped="0" hostname="EBP065" name="Modules.test" tests="1" failures="0" timestamp="05 Aug 2019 08:22:39 GMT" time="2.413" errors="0">
  <testcase name="test1" time="2.413" classname="Modules.test"/>
</testsuite> <!-- Modules.test -->
