<?xml version="1.0" encoding="UTF-8"?>
<!-- Generated by org.testng.reporters.JUnitReportReporter -->
<testsuite skipped="0" hostname="EBP065" name="Modules.Login" tests="2" failures="0" timestamp="05 Aug 2019 11:20:30 GMT" time="12.459" errors="0">
  <testcase name="LoginTest" time="6.323" classname="Modules.Login"/>
  <testcase name="LoginTest" time="6.136" classname="Modules.Login"/>
</testsuite> <!-- Modules.Login -->
