<?xml version="1.0" encoding="UTF-8"?>
<!-- Generated by org.testng.reporters.JUnitReportReporter -->
<testsuite skipped="0" hostname="EBP065" name="Modules.SignUp" tests="1" failures="0" timestamp="06 Aug 2019 08:27:07 GMT" time="80.514" errors="0">
  <testcase name="Signup" time="80.514" classname="Modules.SignUp"/>
</testsuite> <!-- Modules.SignUp -->
