<?xml version="1.0" encoding="UTF-8"?>
<!-- Generated by org.testng.reporters.JUnitReportReporter -->
<testsuite skipped="0" hostname="EBP065" name="Modules.Login" tests="1" failures="0" timestamp="06 Aug 2019 09:12:28 GMT" time="1312.330" errors="0">
  <testcase name="LoginTest" time="1312.330" classname="Modules.Login"/>
</testsuite> <!-- Modules.Login -->
