<?xml version="1.0" encoding="UTF-8"?>
<!-- Generated by org.testng.reporters.JUnitReportReporter -->
<testsuite skipped="0" hostname="EBP065" name="Modules.Login" tests="1" failures="0" timestamp="02 Aug 2019 06:28:02 GMT" time="23.935" errors="0">
  <testcase name="Login" time="23.935" classname="Modules.Login"/>
</testsuite> <!-- Modules.Login -->
