<?xml version="1.0" encoding="UTF-8"?>
<!-- Generated by org.testng.reporters.JUnitReportReporter -->
<testsuite skipped="0" hostname="EBP065" name="MainTest.TestSuite" tests="1" failures="0" timestamp="02 Aug 2019 08:06:38 GMT" time="5.022" errors="0">
  <testcase name="loginModule" time="5.022" classname="MainTest.TestSuite"/>
</testsuite> <!-- MainTest.TestSuite -->
