<?xml version="1.0" encoding="UTF-8"?>
<!-- Generated by org.testng.reporters.JUnitReportReporter -->
<testsuite skipped="0" hostname="EBP065" name="Listeners.BaseClass" tests="1" failures="0" timestamp="02 Aug 2019 05:41:26 GMT" time="8.528" errors="0">
  <testcase name="setUp" time="8.528" classname="Listeners.BaseClass"/>
</testsuite> <!-- Listeners.BaseClass -->
