<?xml version="1.0" encoding="UTF-8"?>
<!-- Generated by org.testng.reporters.JUnitReportReporter -->
<testsuite skipped="0" hostname="DESKTOP-ERPU13V" name="ApiTest.test" tests="2" failures="0" timestamp="08 Jul 2019 11:04:08 GMT" time="0.013" errors="0">
  <testcase name="TestFireFox" time="0.002" classname="ApiTest.test"/>
  <testcase name="TestFireFox" time="0.011" classname="ApiTest.test"/>
</testsuite> <!-- ApiTest.test -->
